-------------------------------------------------------------------------------
Test set: group9.group9.Group9ApplicationTests
-------------------------------------------------------------------------------
Tests run: 1, Failures: 0, Errors: 1, Skipped: 0, Time elapsed: 14.101 s <<< FAILURE! - in group9.group9.Group9ApplicationTests
contextLoads  Time elapsed: 1.966 s  <<< ERROR!
org.springframework.context.ApplicationContextException: Failed to start bean 'webServerStartStop'; nested exception is org.springframework.boot.web.server.PortInUseException: Port 8090 is already in use
	at group9.group9.Group9ApplicationTests.contextLoads(Group9ApplicationTests.java:28)
Caused by: org.springframework.boot.web.server.PortInUseException: Port 8090 is already in use
	at group9.group9.Group9ApplicationTests.contextLoads(Group9ApplicationTests.java:28)
Caused by: java.lang.IllegalArgumentException: standardService.connector.startFailed
	at group9.group9.Group9ApplicationTests.contextLoads(Group9ApplicationTests.java:28)
Caused by: org.apache.catalina.LifecycleException: Protocol handler start failed
	at group9.group9.Group9ApplicationTests.contextLoads(Group9ApplicationTests.java:28)
Caused by: java.net.BindException: Address already in use: bind
	at group9.group9.Group9ApplicationTests.contextLoads(Group9ApplicationTests.java:28)

