<?xml version="1.0" encoding="UTF-8"?>
<testsuite xmlns:xsi="http://www.w3.org/2001/XMLSchema-instance" xsi:noNamespaceSchemaLocation="https://maven.apache.org/surefire/maven-surefire-plugin/xsd/surefire-test-report.xsd" name="group9.group9.Group9ApplicationTests" time="14.101" tests="1" errors="1" skipped="0" failures="0">
  <properties>
[...]
</properties>
  <testcase name="contextLoads" classname="group9.group9.Group9ApplicationTests" time="1.966">
    <error message="Failed to start bean &apos;webServerStartStop&apos;; nested exception is org.springframework.boot.web.server.PortInUseException: Port 8090 is already in use" type="org.springframework.context.ApplicationContextException">org.springframework.context.ApplicationContextException: Failed to start bean 'webServerStartStop'; nested exception is org.springframework.boot.web.server.PortInUseException: Port 8090 is already in use
	at group9.group9.Group9ApplicationTests.contextLoads(Group9ApplicationTests.java:28)
Caused by: org.springframework.boot.web.server.PortInUseException: Port 8090 is already in use
	at group9.group9.Group9ApplicationTests.contextLoads(Group9ApplicationTests.java:28)
Caused by: java.lang.IllegalArgumentException: standardService.connector.startFailed
	at group9.group9.Group9ApplicationTests.contextLoads(Group9ApplicationTests.java:28)
Caused by: org.apache.catalina.LifecycleException: Protocol handler start failed
	at group9.group9.Group9ApplicationTests.contextLoads(Group9ApplicationTests.java:28)
Caused by: java.net.BindException: Address already in use: bind
	at group9.group9.Group9ApplicationTests.contextLoads(Group9ApplicationTests.java:28)
</error>
    <system-out><![CDATA[02:42:03.668 [main] DEBUG org.springframework.test.context.BootstrapUtils - Instantiating CacheAwareContextLoaderDelegate from class [org.springframework.test.context.cache.DefaultCacheAwareContextLoaderDelegate]
02:42:03.704 [main] DEBUG org.springframework.test.context.BootstrapUtils - Instantiating BootstrapContext using constructor [public org.springframework.test.context.support.DefaultBootstrapContext(java.lang.Class,org.springframework.test.context.CacheAwareContextLoaderDelegate)]
02:42:03.814 [main] DEBUG org.springframework.test.context.BootstrapUtils - Instantiating TestContextBootstrapper for test class [group9.group9.Group9ApplicationTests] from class [org.springframework.boot.test.context.SpringBootTestContextBootstrapper]
02:42:03.851 [main] INFO org.springframework.boot.test.context.SpringBootTestContextBootstrapper - Neither @ContextConfiguration nor @ContextHierarchy found for test class [group9.group9.Group9ApplicationTests], using SpringBootContextLoader
02:42:03.868 [main] DEBUG org.springframework.test.context.support.AbstractContextLoader - Did not detect default resource location for test class [group9.group9.Group9ApplicationTests]: class path resource [group9/group9/Group9ApplicationTests-context.xml] does not exist
02:42:03.869 [main] DEBUG org.springframework.test.context.support.AbstractContextLoader - Did not detect default resource location for test class [group9.group9.Group9ApplicationTests]: class path resource [group9/group9/Group9ApplicationTestsContext.groovy] does not exist
02:42:03.870 [main] INFO org.springframework.test.context.support.AbstractContextLoader - Could not detect default resource locations for test class [group9.group9.Group9ApplicationTests]: no resource found for suffixes {-context.xml, Context.groovy}.
02:42:03.872 [main] INFO org.springframework.test.context.support.AnnotationConfigContextLoaderUtils - Could not detect default configuration classes for test class [group9.group9.Group9ApplicationTests]: Group9ApplicationTests does not declare any static, non-private, non-final, nested classes annotated with @Configuration.
02:42:04.028 [main] DEBUG org.springframework.test.context.support.ActiveProfilesUtils - Could not find an 'annotation declaring class' for annotation type [org.springframework.test.context.ActiveProfiles] and class [group9.group9.Group9ApplicationTests]
02:42:04.257 [main] DEBUG org.springframework.context.annotation.ClassPathScanningCandidateComponentProvider - Identified candidate component class: file [c:\Users\mimiw\OneDrive\Documents\UH Fall 2021\COSC 4351\group9\target\classes\group9\group9\Group9Application.class]
02:42:04.314 [main] INFO org.springframework.boot.test.context.SpringBootTestContextBootstrapper - Found @SpringBootConfiguration group9.group9.Group9Application for test class group9.group9.Group9ApplicationTests
02:42:04.669 [main] DEBUG org.springframework.boot.test.context.SpringBootTestContextBootstrapper - @TestExecutionListeners is not present for class [group9.group9.Group9ApplicationTests]: using defaults.
02:42:04.670 [main] INFO org.springframework.boot.test.context.SpringBootTestContextBootstrapper - Loaded default TestExecutionListener class names from location [META-INF/spring.factories]: [org.springframework.boot.test.mock.mockito.MockitoTestExecutionListener, org.springframework.boot.test.mock.mockito.ResetMocksTestExecutionListener, org.springframework.boot.test.autoconfigure.restdocs.RestDocsTestExecutionListener, org.springframework.boot.test.autoconfigure.web.client.MockRestServiceServerResetTestExecutionListener, org.springframework.boot.test.autoconfigure.web.servlet.MockMvcPrintOnlyOnFailureTestExecutionListener, org.springframework.boot.test.autoconfigure.web.servlet.WebDriverTestExecutionListener, org.springframework.boot.test.autoconfigure.webservices.client.MockWebServiceServerTestExecutionListener, org.springframework.test.context.web.ServletTestExecutionListener, org.springframework.test.context.support.DirtiesContextBeforeModesTestExecutionListener, org.springframework.test.context.event.ApplicationEventsTestExecutionListener, org.springframework.test.context.support.DependencyInjectionTestExecutionListener, org.springframework.test.context.support.DirtiesContextTestExecutionListener, org.springframework.test.context.transaction.TransactionalTestExecutionListener, org.springframework.test.context.jdbc.SqlScriptsTestExecutionListener, org.springframework.test.context.event.EventPublishingTestExecutionListener]
02:42:04.741 [main] INFO org.springframework.boot.test.context.SpringBootTestContextBootstrapper - Using TestExecutionListeners: [org.springframework.test.context.web.ServletTestExecutionListener@399c408c, org.springframework.test.context.support.DirtiesContextBeforeModesTestExecutionListener@99223ac, org.springframework.test.context.event.ApplicationEventsTestExecutionListener@4a5fab78, org.springframework.boot.test.mock.mockito.MockitoTestExecutionListener@77a85e76, org.springframework.boot.test.autoconfigure.SpringBootDependencyInjectionTestExecutionListener@2cebf82f, org.springframework.test.context.support.DirtiesContextTestExecutionListener@34fc315d, org.springframework.test.context.transaction.TransactionalTestExecutionListener@34f48d1, org.springframework.test.context.jdbc.SqlScriptsTestExecutionListener@36a1fd20, org.springframework.test.context.event.EventPublishingTestExecutionListener@45f8415b, org.springframework.boot.test.mock.mockito.ResetMocksTestExecutionListener@10dbf660, org.springframework.boot.test.autoconfigure.restdocs.RestDocsTestExecutionListener@69ab2d6a, org.springframework.boot.test.autoconfigure.web.client.MockRestServiceServerResetTestExecutionListener@505a8582, org.springframework.boot.test.autoconfigure.web.servlet.MockMvcPrintOnlyOnFailureTestExecutionListener@57afe44b, org.springframework.boot.test.autoconfigure.web.servlet.WebDriverTestExecutionListener@18887028, org.springframework.boot.test.autoconfigure.webservices.client.MockWebServiceServerTestExecutionListener@28f8ce2e]
02:42:04.753 [main] DEBUG org.springframework.test.context.support.AbstractDirtiesContextTestExecutionListener - Before test class: context [DefaultTestContext@31dbf5bb testClass = Group9ApplicationTests, testInstance = [null], testMethod = [null], testException = [null], mergedContextConfiguration = [WebMergedContextConfiguration@1f19d423 testClass = Group9ApplicationTests, locations = '{}', classes = '{class group9.group9.Group9Application}', contextInitializerClasses = '[]', activeProfiles = '{}', propertySourceLocations = '{}', propertySourceProperties = '{org.springframework.boot.test.context.SpringBootTestContextBootstrapper=true}', contextCustomizers = set[org.springframework.boot.test.context.filter.ExcludeFilterContextCustomizer@2e1eb85f, org.springframework.boot.test.json.DuplicateJsonObjectContextCustomizerFactory$DuplicateJsonObjectContextCustomizer@2b44d6d0, org.springframework.boot.test.mock.mockito.MockitoContextCustomizer@0, org.springframework.boot.test.web.client.TestRestTemplateContextCustomizer@5f025000, org.springframework.boot.test.autoconfigure.actuate.metrics.MetricsExportContextCustomizerFactory$DisableMetricExportContextCustomizer@415d88de, org.springframework.boot.test.autoconfigure.properties.PropertyMappingContextCustomizer@0, org.springframework.boot.test.autoconfigure.web.servlet.WebDriverContextCustomizerFactory$Customizer@6e243175, org.springframework.boot.test.context.SpringBootTestArgs@1, org.springframework.boot.test.context.SpringBootTestWebEnvironment@2c177f9e], resourceBasePath = 'src/main/webapp', contextLoader = 'org.springframework.boot.test.context.SpringBootContextLoader', parent = [null]], attributes = map['org.springframework.test.context.web.ServletTestExecutionListener.activateListener' -> true]], class annotated with @DirtiesContext [false] with mode [null].
02:42:04.918 [main] DEBUG org.springframework.test.context.support.TestPropertySourceUtils - Adding inlined properties to environment: {spring.jmx.enabled=false, org.springframework.boot.test.context.SpringBootTestContextBootstrapper=true}

  .   ____          _            __ _ _
 /\\ / ___'_ __ _ _(_)_ __  __ _ \ \ \ \
( ( )\___ | '_ | '_| | '_ \/ _` | \ \ \ \
 \\/  ___)| |_)| | | | | || (_| |  ) ) ) )
  '  |____| .__|_| |_|_| |_\__, | / / / /
 =========|_|==============|___/=/_/_/_/
 :: Spring Boot ::                (v2.5.2)

2021-12-01 02:42:05.913  INFO 7300 --- [           main] group9.group9.Group9ApplicationTests     : Starting Group9ApplicationTests using Java 11.0.13 on DESKTOP-F15AQH5 with PID 7300 (started by mimiw in c:\Users\mimiw\OneDrive\Documents\UH Fall 2021\COSC 4351\group9)
2021-12-01 02:42:05.921  INFO 7300 --- [           main] group9.group9.Group9ApplicationTests     : No active profile set, falling back to default profiles: default
2021-12-01 02:42:07.680  INFO 7300 --- [           main] .s.d.r.c.RepositoryConfigurationDelegate : Bootstrapping Spring Data JPA repositories in DEFAULT mode.
2021-12-01 02:42:07.872  INFO 7300 --- [           main] .s.d.r.c.RepositoryConfigurationDelegate : Finished Spring Data repository scanning in 164 ms. Found 6 JPA repository interfaces.
2021-12-01 02:42:09.560  INFO 7300 --- [           main] o.hibernate.jpa.internal.util.LogHelper  : HHH000204: Processing PersistenceUnitInfo [name: default]
2021-12-01 02:42:09.785  INFO 7300 --- [           main] org.hibernate.Version                    : HHH000412: Hibernate ORM core version 5.4.32.Final
2021-12-01 02:42:10.364  INFO 7300 --- [           main] o.hibernate.annotations.common.Version   : HCANN000001: Hibernate Commons Annotations {5.1.2.Final}
2021-12-01 02:42:10.973  INFO 7300 --- [           main] com.zaxxer.hikari.HikariDataSource       : HikariPool-1 - Starting...
2021-12-01 02:42:11.670  INFO 7300 --- [           main] com.zaxxer.hikari.HikariDataSource       : HikariPool-1 - Start completed.
2021-12-01 02:42:11.752  INFO 7300 --- [           main] org.hibernate.dialect.Dialect            : HHH000400: Using dialect: org.hibernate.dialect.MySQL8Dialect
2021-12-01 02:42:13.508  INFO 7300 --- [           main] o.h.e.t.j.p.i.JtaPlatformInitiator       : HHH000490: Using JtaPlatform implementation: [org.hibernate.engine.transaction.jta.platform.internal.NoJtaPlatform]
2021-12-01 02:42:13.526  INFO 7300 --- [           main] j.LocalContainerEntityManagerFactoryBean : Initialized JPA EntityManagerFactory for persistence unit 'default'
2021-12-01 02:42:14.581  WARN 7300 --- [           main] JpaBaseConfiguration$JpaWebConfiguration : spring.jpa.open-in-view is enabled by default. Therefore, database queries may be performed during view rendering. Explicitly configure spring.jpa.open-in-view to disable this warning
2021-12-01 02:42:15.637  INFO 7300 --- [           main] group9.group9.Group9ApplicationTests     : Started Group9ApplicationTests in 10.694 seconds (JVM running for 13.67)

  .   ____          _            __ _ _
 /\\ / ___'_ __ _ _(_)_ __  __ _ \ \ \ \
( ( )\___ | '_ | '_| | '_ \/ _` | \ \ \ \
 \\/  ___)| |_)| | | | | || (_| |  ) ) ) )
  '  |____| .__|_| |_|_| |_\__, | / / / /
 =========|_|==============|___/=/_/_/_/
 :: Spring Boot ::                (v2.5.2)

2021-12-01 02:42:15.878  INFO 7300 --- [           main] group9.group9.Group9Application          : Starting Group9Application using Java 11.0.13 on DESKTOP-F15AQH5 with PID 7300 (started by mimiw in c:\Users\mimiw\OneDrive\Documents\UH Fall 2021\COSC 4351\group9)
2021-12-01 02:42:15.878  INFO 7300 --- [           main] group9.group9.Group9Application          : No active profile set, falling back to default profiles: default
2021-12-01 02:42:16.136  INFO 7300 --- [           main] .s.d.r.c.RepositoryConfigurationDelegate : Bootstrapping Spring Data JPA repositories in DEFAULT mode.
2021-12-01 02:42:16.193  INFO 7300 --- [           main] .s.d.r.c.RepositoryConfigurationDelegate : Finished Spring Data repository scanning in 55 ms. Found 6 JPA repository interfaces.
2021-12-01 02:42:16.556  INFO 7300 --- [           main] o.s.b.w.embedded.tomcat.TomcatWebServer  : Tomcat initialized with port(s): 8090 (http)
2021-12-01 02:42:16.577  INFO 7300 --- [           main] o.apache.catalina.core.StandardService   : Starting service [Tomcat]
2021-12-01 02:42:16.578  INFO 7300 --- [           main] org.apache.catalina.core.StandardEngine  : Starting Servlet engine: [Apache Tomcat/9.0.48]
2021-12-01 02:42:16.742  INFO 7300 --- [           main] o.a.c.c.C.[Tomcat].[localhost].[/]       : Initializing Spring embedded WebApplicationContext
2021-12-01 02:42:16.742  INFO 7300 --- [           main] w.s.c.ServletWebServerApplicationContext : Root WebApplicationContext: initialization completed in 858 ms
2021-12-01 02:42:16.911  INFO 7300 --- [           main] o.hibernate.jpa.internal.util.LogHelper  : HHH000204: Processing PersistenceUnitInfo [name: default]
2021-12-01 02:42:16.924  INFO 7300 --- [           main] com.zaxxer.hikari.HikariDataSource       : HikariPool-2 - Starting...
2021-12-01 02:42:16.961  INFO 7300 --- [           main] com.zaxxer.hikari.HikariDataSource       : HikariPool-2 - Start completed.
2021-12-01 02:42:16.962  INFO 7300 --- [           main] org.hibernate.dialect.Dialect            : HHH000400: Using dialect: org.hibernate.dialect.MySQL8Dialect
2021-12-01 02:42:17.111  INFO 7300 --- [           main] o.h.e.t.j.p.i.JtaPlatformInitiator       : HHH000490: Using JtaPlatform implementation: [org.hibernate.engine.transaction.jta.platform.internal.NoJtaPlatform]
2021-12-01 02:42:17.112  INFO 7300 --- [           main] j.LocalContainerEntityManagerFactoryBean : Initialized JPA EntityManagerFactory for persistence unit 'default'
2021-12-01 02:42:17.264  WARN 7300 --- [           main] JpaBaseConfiguration$JpaWebConfiguration : spring.jpa.open-in-view is enabled by default. Therefore, database queries may be performed during view rendering. Explicitly configure spring.jpa.open-in-view to disable this warning
2021-12-01 02:42:17.473  WARN 7300 --- [           main] ConfigServletWebServerApplicationContext : Exception encountered during context initialization - cancelling refresh attempt: org.springframework.context.ApplicationContextException: Failed to start bean 'webServerStartStop'; nested exception is org.springframework.boot.web.server.PortInUseException: Port 8090 is already in use
2021-12-01 02:42:17.477  INFO 7300 --- [           main] j.LocalContainerEntityManagerFactoryBean : Closing JPA EntityManagerFactory for persistence unit 'default'
2021-12-01 02:42:17.481  INFO 7300 --- [           main] com.zaxxer.hikari.HikariDataSource       : HikariPool-2 - Shutdown initiated...
2021-12-01 02:42:17.524  INFO 7300 --- [           main] com.zaxxer.hikari.HikariDataSource       : HikariPool-2 - Shutdown completed.
2021-12-01 02:42:17.526  INFO 7300 --- [           main] o.apache.catalina.core.StandardService   : Stopping service [Tomcat]
2021-12-01 02:42:17.543  INFO 7300 --- [           main] ConditionEvaluationReportLoggingListener : 

Error starting ApplicationContext. To display the conditions report re-run your application with 'debug' enabled.
2021-12-01 02:42:17.593 ERROR 7300 --- [           main] o.s.b.d.LoggingFailureAnalysisReporter   : 

***************************
APPLICATION FAILED TO START
***************************

Description:

Web server failed to start. Port 8090 was already in use.

Action:

Identify and stop the process that's listening on port 8090 or configure this application to listen on another port.

]]></system-out>
  </testcase>
</testsuite>